<?xml version="1.0" encoding="UTF-8"?>
<!-- Generated by org.testng.reporters.JUnitReportReporter -->
<testsuite hostname="Sivam" failures="0" tests="3" name="execuation.BrowserTest" time="4.345" errors="0" timestamp="2024-02-18T18:14:23 IST" skipped="0">
  <testcase classname="execuation.BrowserTest" name="snapDeal" time="1.394"/>
  <testcase classname="execuation.BrowserTest" name="amazone" time="1.194"/>
  <testcase classname="execuation.BrowserTest" name="flipkart" time="1.757"/>
</testsuite> <!-- execuation.BrowserTest -->
